<?xml version="1.0" encoding="UTF-8"?>
<Configuration status="INFO">
    <Appenders>
        <Console name="SysOut" target="SYSTEM_OUT">
            <PatternLayout pattern="[%d{HH:mm:ss}] [%t/%level]: %msg{nolookups}%n" />
        </Console>
        <Queue name="ServerGuiConsole">
            <PatternLayout pattern="[%d{HH:mm:ss} %level]: %msg{nolookups}%n" />
        </Queue>
    </Appenders>
    <Loggers>
        <Root level="info">
            <filters>
                <MarkerFilter marker="NETWORK_PACKETS" onMatch="DENY" onMismatch="NEUTRAL" />
            </filters>
            <AppenderRef ref="SysOut"/>
            <AppenderRef ref="ServerGuiConsole"/>
        </Root>
    </Loggers>
</Configuration>
